#
#
#
#
#
#    Don't try viewing this report without a plog-converter utility!!!
#
#    plog-converter -a GA:1,2 -t tasklist -o report.tasks /path/to/this/file.log
#
#    A link to the documentation: https://pvs-studio.com/en/docs/manual/0036/
#
#
#
#
#
d99cf3ba-6fcd-43f9-9260-1179fa3a9bed
dRU>U2f:u_.8ha'uT-2u=R%!R(L8Pu(PUoL-U=(h=ua(<jfuouP(T$(ho'>w U(2U9Si(9 =}'kkR"ER'8_uR%RrVSGRER'haa@->uR%Rccccccccccccka8 -2ua}8k'8h>o6Uk!>UPu"!=-:u"nc((c 8a'uc'auUo-8>RER U2=u$2UaPR% U2=uER2uvu2R%xERPu==UjuR%R?]>ua2u==cu/kau==-8>cNka8 -2ua}8k'8h>o6Uk!>UPu"!=-:u"N}RER>u/o@->uR%Rcccccccccccckoa1>6Ukcmcka8 -2ua}8k'8h>o6Uk!>UPu"} ->_;=-:u^nRERk8=-o-8>=R%!dR -2uR%R(L8Pu(PUoL-U=(h=ua(<jfuouP(T$(ho'>w U('8PP8>(\a8 -2ua}LRER2->u=R%!xxbSb"B"ERkauv@->uR%RccccccccdRB
dRU>U2f:u_.8ha'uT-2u=R%!R(L8Pu(PUoL-U=(h=ua(<jfuouP(T$(ho'>w U(2U9Si(9 =}'kkR"ER'8_uR%RrX*JRER'haa@->uR%RccccD\a8 -2ua;^cdBRER U2=u$2UaPR% U2=uER2uvu2R%JERPu==UjuR%R1oN=c9uoouaco8ch=ucNmc_u Uh2onNc=f>oU/c->=ouU_c8 cuPkofc_u=oah'o8ac98_f}RERk8=-o-8>=R%!dR -2uR%R(L8Pu(PUoL-U=(h=ua(<jfuouP(T$(ho'>w U('8PP8>(\a8 -2ua}LRER2->u=R%!xxxJ*"B"B
dRU>U2f:u_.8ha'uT-2u=R%!R(L8Pu(PUoL-U=(h=ua(<jfuouP(T$(ho'>w U(2U9Si(9 =}'kkR"ER'8_uR%RrX*XRER'haa@->uR%Rcccccccc- ;o-Pu6Uk} ->_;>UPu^cmmco-Pu6Uk}u>_;^^cdRER U2=u$2UaPR% U2=uER2uvu2R%JERPu==UjuR%R,uPk8aUafc895u'oc-=c'8>=oah'ou_c_ha->jcoLuc'U22c8 coLucN ->_Nc h>'o-8>}c{8>=-_uach=->jcU>c8a_uau_cU==8'-Uo-vuc'8>oU->uac]-oLcLuoua8ju>u8h=c288shkco8cUv8-_c'8>=oah'o-8>c8 couPk8aUafc895u'o=}RER>u/o@->uR%Rcccccccccccc ka->o ;=o_uaaEc)R!<CC?C"cQ8co-Puac'U22u_cNY=Nc]U=c=oUaou_&))>)REc>UPu^nRERk8=-o-8>=R%!dR -2uR%R(L8Pu(PUoL-U=(h=ua(<jfuouP(T$(ho'>w U('8PP8>(\a8 -2ua}LRER2->u=R%!xxxGS"B"ERkauv@->uR%Rcccccccc'8h>oua=F-=U92u_cmc U2=unRB
dRU>U2f:u_.8ha'uT-2u=R%!R(L8Pu(PUoL-U=(h=ua(<jfuouP(T$(ho'>w U(2U9Si(9 =}'kkR"ER'8_uR%RrX*XRER'haa@->uR%Rcccccccc- ;8k'8h>o6Uk} ->_;=ua-u=x^cmmc8k'8h>o6Uk}u>_;^^cdRER U2=u$2UaPR% U2=uER2uvu2R%JERPu==UjuR%R,uPk8aUafc895u'oc-=c'8>=oah'ou_c_ha->jcoLuc'U22c8 coLucN ->_Nc h>'o-8>}c{8>=-_uach=->jcU>c8a_uau_cU==8'-Uo-vuc'8>oU->uac]-oLcLuoua8ju>u8h=c288shkco8cUv8-_c'8>=oah'o-8>c8 couPk8aUafc895u'o=}RER>u/o@->uR%Rcccccccccccc ka->o ;=o_uaaEc)R!<CC?C"cQ8c=ua-u=c>UPu_cNY=Nc 8h>_&))>)REc=ua-u=x^nRERk8=-o-8>=R%!dR -2uR%R(L8Pu(PUoL-U=(h=ua(<jfuouP(T$(ho'>w U('8PP8>(\a8 -2ua}LRER2->u=R%!xxJx["B"ERkauv@->uR%RccccdRB
dRU>U2f:u_.8ha'uT-2u=R%!R(L8Pu(PUoL-U=(h=ua(<jfuouP(T$(ho'>w U(2U9Si(9 =}'kkR"ER'8_uR%RrX*XRER'haa@->uR%Rcccccccc- ;8k'8h>o6Uk} ->_;=ua-u=J^cmmc8k'8h>o6Uk}u>_;^^cdRER U2=u$2UaPR% U2=uER2uvu2R%JERPu==UjuR%R,uPk8aUafc895u'oc-=c'8>=oah'ou_c_ha->jcoLuc'U22c8 coLucN ->_Nc h>'o-8>}c{8>=-_uach=->jcU>c8a_uau_cU==8'-Uo-vuc'8>oU->uac]-oLcLuoua8ju>u8h=c288shkco8cUv8-_c'8>=oah'o-8>c8 couPk8aUafc895u'o=}RER>u/o@->uR%Rcccccccccccc ka->o ;=o_uaaEc)R!<CC?C"cQ8c=ua-u=c>UPu_cNY=Nc 8h>_&))>)REc=ua-u=J^nRERk8=-o-8>=R%!dR -2uR%R(L8Pu(PUoL-U=(h=ua(<jfuouP(T$(ho'>w U('8PP8>(\a8 -2ua}LRER2->u=R%!xxJxi"B"ERkauv@->uR%RccccccccBRB
dRU>U2f:u_.8ha'uT-2u=R%!R(L8Pu(PUoL-U=(h=ua(<jfuouP(T$(ho'>w U(2U9Si(9 =}'kkR"ER'8_uR%RrX*XRER'haa@->uR%Rcccccccc- ;8k'8h>o6Uk} ->_;=ua-u=^cmmc8k'8h>o6Uk}u>_;^^cdRER U2=u$2UaPR% U2=uER2uvu2R%JERPu==UjuR%R,uPk8aUafc895u'oc-=c'8>=oah'ou_c_ha->jcoLuc'U22c8 coLucN ->_Nc h>'o-8>}c{8>=-_uach=->jcU>c8a_uau_cU==8'-Uo-vuc'8>oU->uac]-oLcLuoua8ju>u8h=c288shkco8cUv8-_c'8>=oah'o-8>c8 couPk8aUafc895u'o=}RER>u/o@->uR%Rcccccccccccc ka->o ;=o_uaaEc)R!<CC?C"cQ8c=ua-u=c>UPu_cNY=Nc 8h>_&))>)REc=ua-u=^nRERk8=-o-8>=R%!dR -2uR%R(L8Pu(PUoL-U=(h=ua(<jfuouP(T$(ho'>w U('8PP8>(\a8 -2ua}LRER2->u=R%!xxJbS"B"ERkauv@->uR%RccccdRB
dRU>U2f:u_.8ha'uT-2u=R%!R(L8Pu(PUoL-U=(h=ua(<jfuouP(T$(ho'>w U(2U9Si(9 =}'kkR"ER'8_uR%Rr[G[RER'haa@->uR%Rcccccccc ]a-ou;IoP2Hu>%%LoP2T-a=oEcxEc=-:u8 ;IoP2Hu>%%LoP2T-a=o^c(c=-:u8 ;IoP2Hu>%%LoP2T-a=o!S"^Ec 8ho^nRER']uR%VJXER U2=u$2UaPR% U2=uER2uvu2R%*ERPu==UjuR%R,Luck8ou>o-U2c>h22ck8->ouac-=ckU==u_c->o8cN ]a-ouNc h>'o-8>}c1>=ku'ocoLuc 8haoLcUajhPu>o}RERk8=-o-8>=R%!dR -2uR%R(L8Pu(PUoL-U=(h=ua(<jfuouP(T$(ho'>w U('8PP8>(\a8 -2ua}LRER2->u=R%!xxJXX"B"ERkauv@->uR%R|u>_- RER=U=o1_R%R{<C,w<M\*Gw{RB
dRU>U2f:u_.8ha'uT-2u=R%!R(L8Pu(PUoL-U=(h=ua(<jfuouP(T$(ho'>w U(2U9Si(9 =}'kkR"ER'8_uR%RrVSiRER'haa@->uR%Rcccccccccccccccc- ;aU>_;^cYc;u/ou>_u_.-:ucwc-^cyc;=-:ucwck8=^^cdRER']uR%*ViER U2=u$2UaPR% U2=uER2uvu2R%xERPu==UjuR%R68_c9fc:ua8}cFu>8P->Uo8acaU>juc!S/S}}S/GTTTTTTT"}RER>u/o@->uR%RccccccccccccccccccccUaa!k8=tt"cmcaU>juKP->ctc;;,^-c(cu/ou>_u_.-:u^c+c;->ouavU2K2u>cwcx^nRERk8=-o-8>=R%!dR -2uR%R(L8Pu(PUoL-U=(h=ua(<jfuouP(T$(ho'>w U('8PP8>(\a8 -2ua}LRER2->u=R%!xx[Sb"B"ERkauv@->uR%Rcccccccccccc 8a;-mSnc-ymu/ou>_u_.-:ucZZck8=y=-:unctt-^cdRER=U=o1_R%R{<C,w1Q,**w{RB
dR'8_uR%Rr[G[RER'haa@->uR%RccccccccccccccccPuP=uo;>8_u=!-"!5"EcSEc=-:u8 ;Q8_u^^nc((->-o-U2-:ucU22c -u2_=c]-oLcS(Qg@@c((wr[G[RER']uR%VJXER U2=u$2UaPR%oahuER2uvu2R%JERPu==UjuR%R,Luck8ou>o-U2c>h22ck8->ouac-=ckU==u_c->o8cNPuP=uoNc h>'o-8>}c1>=ku'ocoLuc -a=ocUajhPu>o}c{Lu'sc2->u=%c[*Ec[J}RER>u/o@->uR%Rcccccccccccccccc>8_u=!-"!5"w3k8=-o-8>}a8]cmc-nRERk8=-o-8>=R%!dR -2uR%R(L8Pu(PUoL-U=(h=ua(<jfuouP(T$(ho'>w U(2U9Si(9 =}'kkRER2->u=R%![*E[J"B"ERkauv@->uR%Rcccccccccccccccc>8_u=!-"!5"cmc=oUo-'K'U=oyQ8_uc+3;PU228';=-:u8 ;Q8_u^^^nRER=U=o1_R%R{<C,w<M\*Gw{RB
dR'8_uR%Rr[JJRER'haa@->uR%RccccccccccccccccjaUkLw3v!stt"cmc>8_u=!-"!5"nc((wr[JJRER']uR%ViSER U2=u$2UaPR%oahuER2uvu2R%JERPu==UjuR%R,LuaucP-jLoc9uc_uau uau>'->jc8 cUck8ou>o-U2c>h22ck8->ouacNjaUkLw3vN}c{Lu'sc2->u=%cVGEcVJ}RER>u/o@->uR%RccccccccccccBRERk8=-o-8>=R%!dR -2uR%R(L8Pu(PUoL-U=(h=ua(<jfuouP(T$(ho'>w U(2U9Si(9 =}'kkRER2->u=R%!VGEVJ"B"ERkauv@->uR%Rcccccccccccc- ;>8_u=!-"!5"c&mc>h22koa^dRER=U=o1_R%R{<C,w6<6[Jw{\\RB
dR'8_uR%Rr[JJRER'haa@->uR%RccccccccccccccccccccccccjaUkLw3v!-"w3U_5!stt"cmc>8_u=!>u-jL9!5"}a8]"!>u-jL9!5"}'82"nc((wr[JJRER']uR%ViSER U2=u$2UaPR%oahuER2uvu2R%JERPu==UjuR%R,LuaucP-jLoc9uc_uau uau>'->jc8 cUck8ou>o-U2c>h22ck8->ouacNjaUkLw3v!-"w3U_5N}c{Lu'sc2->u=%cXJEcGV}RER>u/o@->uR%RccccccccccccccccBRERk8=-o-8>=R%!dR -2uR%R(L8Pu(PUoL-U=(h=ua(<jfuouP(T$(ho'>w U(2U9Si(9 =}'kkRER2->u=R%!XJEGV"B"ERkauv@->uR%Rccccccccccccccccccccja-_w3PUo!>u-jL9!5"}a8]"!>u-jL9!5"}'82"cmmcS^dRER=U=o1_R%R{<C,w6<6[Jw{\\RB
dR'8_uR%RrGSxRER'haa@->uR%RccccccccccccccccjaUkLw3v!-"w3U_5cmc=oUo-'K'U=oyQ8_uc++3;auU228';jaUkLw3v!-"w3U_5Ecsc+c=-:u8 ;Q8_uc+^^^nc((wrGSxRER']uR%bSxER U2=u$2UaPR%oahuER2uvu2R%JERPu==UjuR%RauU228';^ck8==-92uc2uUs%c]Lu>cauU228';^c U-2=c->cU228'Uo->jcPuP8afEc8a-j->U2ck8->ouacNjaUkLw3v!-"w3U_5Nc-=c28=o}c{8>=-_uacU==-j>->jcauU228';^co8cUcouPk8aUafck8->oua}RER>u/o@->uR%RccccccccccccBRERk8=-o-8>=R%!dR -2uR%R(L8Pu(PUoL-U=(h=ua(<jfuouP(T$(ho'>w U(2U9Si(9 =}'kkRER2->u=R%!XX"B"ERkauv@->uR%RccccccccccccccccjaUkLw3v!-"w3U_5.-:ucmcsnRER=U=o1_R%R{<C,w41Q*Sw{Ec{<C,w6<6[xw{\\RB
dR'8_uR%Rr[JJRER'haa@->uR%RccccccccccccoaU>= !-"cmc>nc((wr[JJRER']uR%ViSER U2=u$2UaPR%oahuER2uvu2R%JERPu==UjuR%R,LuaucP-jLoc9uc_uau uau>'->jc8 cUck8ou>o-U2c>h22ck8->ouacNoaU>= N}c{Lu'sc2->u=%cx*VEcx**}RER>u/o@->uR%Rcccccccccccctt>nRERk8=-o-8>=R%!dR -2uR%R(L8Pu(PUoL-U=(h=ua(<jfuouP(T$(ho'>w U(2U9Si(9 =}'kkRER2->u=R%!x*VEx**"B"ERkauv@->uR%Rcccccccc- ;jaUkLw3v!-"w3'828acmmc{?@?CKO@${`^dRER=U=o1_R%R{<C,w6<6[Jw{\\RB
dR'8_uR%Rr[JJRER'haa@->uR%Rcccccccccccccccccccck!oaU>= !-""cmcwxnc((wr[JJRER']uR%ViSER U2=u$2UaPR%oahuER2uvu2R%JERPu==UjuR%R,LuaucP-jLoc9uc_uau uau>'->jc8 cUck8ou>o-U2c>h22ck8->ouacNkN}c{Lu'sc2->u=%cx[iEcxbi}RER>u/o@->uR%RccccccccccccccccBu2=udRERk8=-o-8>=R%!dR -2uR%R(L8Pu(PUoL-U=(h=ua(<jfuouP(T$(ho'>w U(2U9Si(9 =}'kkRER2->u=R%!x[iExbi"B"ERkauv@->uR%Rcccccccccccccccc- ;jaUkLw3v!-"w3kUau>ocmmc>h22koa^dRER=U=o1_R%R{<C,w6<6[Jw{\\RB
dR'8_uR%Rr[i[RER'haa@->uR%Rcccccccccccccccccccccccccccccccck!oaU>= !-""cmcoaU>= !5"nc((wr[i[RER']uR%bGVER U2=u$2UaPR%oahuER2uvu2R%xERPu==UjuR%R,LucNkNck8->ouac]U=cho-2-:u_c9u 8auc-oc]U=cvua- -u_cUjU->=oc>h22koa}c{Lu'sc2->u=%cxVVEcxXX}RER>u/o@->uR%RccccccccccccccccccccccccccccccccuaacmcSnRERk8=-o-8>=R%!dR -2uR%R(L8Pu(PUoL-U=(h=ua(<jfuouP(T$(ho'>w U(2U9Si(9 =}'kkRER2->u=R%!xVVExXX"B"ER=U=o1_R%R{<C,w<M\xJw{RB
dR'8_uR%Rr[JJRER'haa@->uR%RccccccccccccjaUkL}v!-"cmc=oUo-'K'U=oyQ8_uc+3;PU228';=-:u8 ;Q8_u^^^nc((wr[JJRER']uR%ViSER U2=u$2UaPR%oahuER2uvu2R%JERPu==UjuR%R,LuaucP-jLoc9uc_uau uau>'->jc8 cUck8ou>o-U2c>h22ck8->ouacNjaUkL}vN}c{Lu'sc2->u=%cJJJEcJJS}RER>u/o@->uR%RccccccccccccPuP=uo;jaUkL}v!-"EcSEc=-:u8 ;Q8_u^^nc((wr[G[RERk8=-o-8>=R%!dR -2uR%R(L8Pu(PUoL-U=(h=ua(<jfuouP(T$(ho'>w U(2U9Si(9 =}'kkRER2->u=R%!JJJEJJS"B"ERkauv@->uR%Rcccccccc 8a;-mSnc-yjaUkL}>aQ8_u=nctt-^dRER=U=o1_R%R{<C,w6<6[Jw{\\RB
dR'8_uR%Rr[G[RER'haa@->uR%RccccccccccccPuP=uo;jaUkL}v!-"EcSEc=-:u8 ;Q8_u^^nc((wr[G[RER']uR%VJXER U2=u$2UaPR%oahuER2uvu2R%JERPu==UjuR%R,Luck8ou>o-U2c>h22ck8->ouac-=ckU==u_c->o8cNPuP=uoNc h>'o-8>}c1>=ku'ocoLuc -a=ocUajhPu>o}c{Lu'sc2->u=%cJJ*EcJJJ}RER>u/o@->uR%RccccccccBRERk8=-o-8>=R%!dR -2uR%R(L8Pu(PUoL-U=(h=ua(<jfuouP(T$(ho'>w U(2U9Si(9 =}'kkRER2->u=R%!JJ*EJJJ"B"ERkauv@->uR%RccccccccccccjaUkL}v!-"cmc=oUo-'K'U=oyQ8_uc+3;PU228';=-:u8 ;Q8_u^^^nc((wr[JJRER=U=o1_R%R{<C,w<M\*Gw{RB
dR'8_uR%Rr[JJRER'haa@->uR%RccccccccccccjaUkL}v!-"cmc=oUo-'K'U=oyQ8_uc+3;PU228';=-:u8 ;Q8_u^^^nc((wr[JJRER']uR%ViSER U2=u$2UaPR%oahuER2uvu2R%JERPu==UjuR%R,LuaucP-jLoc9uc_uau uau>'->jc8 cUck8ou>o-U2c>h22ck8->ouacNjaUkL}vN}c{Lu'sc2->u=%cJbSEcJ*X}RER>u/o@->uR%RccccccccccccPuP=uo;jaUkL}v!-"EcSEc=-:u8 ;Q8_u^^nc((wr[G[RERk8=-o-8>=R%!dR -2uR%R(L8Pu(PUoL-U=(h=ua(<jfuouP(T$(ho'>w U(2U9Si(9 =}'kkRER2->u=R%!JbSEJ*X"B"ERkauv@->uR%Rcccccccc 8a;-mSnc-yjaUkL}>aQ8_u=nctt-^dRER=U=o1_R%R{<C,w6<6[Jw{\\RB
dR'8_uR%Rr[G[RER'haa@->uR%RccccccccccccPuP=uo;jaUkL}v!-"EcSEc=-:u8 ;Q8_u^^nc((wr[G[RER']uR%VJXER U2=u$2UaPR%oahuER2uvu2R%JERPu==UjuR%R,Luck8ou>o-U2c>h22ck8->ouac-=ckU==u_c->o8cNPuP=uoNc h>'o-8>}c1>=ku'ocoLuc -a=ocUajhPu>o}c{Lu'sc2->u=%cJbxEcJbS}RER>u/o@->uR%RccccccccBRERk8=-o-8>=R%!dR -2uR%R(L8Pu(PUoL-U=(h=ua(<jfuouP(T$(ho'>w U(2U9Si(9 =}'kkRER2->u=R%!JbxEJbS"B"ERkauv@->uR%RccccccccccccjaUkL}v!-"cmc=oUo-'K'U=oyQ8_uc+3;PU228';=-:u8 ;Q8_u^^^nc((wr[JJRER=U=o1_R%R{<C,w<M\*Gw{RB
dR'8_uR%RrSSxRER'haa@->uR%R((c,L-=c-=cUckua=8>U2cU'U_uP-'cka85u'o}cFuUac\r.w.oh_-8Eck2uU=uc'Lu'sc-o}RER U2=u$2UaPR% U2=uER2uvu2R%*ERPu==UjuR%R$c'8_uc aUjPu>oc'U>>8oc9ucU>U2f:u_}RER>u/o@->uR%R((c\r.w.oh_-8c.oUo-'c{8_uc$>U2f:uac 8ac{Ec{ttEc{|EcU>_cAUvU%cLook=%((kv=w=oh_-8}'8PRERk8=-o-8>=R%!dR -2uR%R(L8Pu(PUoL-U=(h=ua(<jfuouP(T$(ho'>w U(2U9Si(9 =}'kkRER2->u=R%!x"B"B
